<?xml version="1.0" encoding="UTF-8" ?>
<testsuite tests="10" failures="0" name="fr.univavignon.pokedex.api.IPodexTest" time="2.17" errors="0" skipped="0">
  <properties>
[...]
</properties>
  <testcase classname="fr.univavignon.pokedex.api.IPodexTest" name="givenInvalidIndexExceptionThrows" time="2.12"/>
  <testcase classname="fr.univavignon.pokedex.api.IPodexTest" name="testGetPokemonFailure" time="0"/>
  <testcase classname="fr.univavignon.pokedex.api.IPodexTest" name="testSize" time="0.019"/>
  <testcase classname="fr.univavignon.pokedex.api.IPodexTest" name="testUnmodifiableGetPokemonsList" time="0.006"/>
  <testcase classname="fr.univavignon.pokedex.api.IPodexTest" name="testGetPokemonsSortedAndUnmodifiable" time="0.013"/>
  <testcase classname="fr.univavignon.pokedex.api.IPodexTest" name="testSizeWithAddCall" time="0.001"/>
  <testcase classname="fr.univavignon.pokedex.api.IPodexTest" name="testAddPokemon" time="0.002"/>
  <testcase classname="fr.univavignon.pokedex.api.IPodexTest" name="testAddPokemonAndSizeCheck" time="0.001"/>
  <testcase classname="fr.univavignon.pokedex.api.IPodexTest" name="testGetPokemonsReturnsCorrectList" time="0.002"/>
  <testcase classname="fr.univavignon.pokedex.api.IPodexTest" name="testGetPokemonSuccess" time="0.006"/>
</testsuite>